2021-07-05 14:40:48:INFO: Create connection.
2021-07-05 14:44:29:INFO: Create connection.
2021-07-05 16:09:11:INFO: Create connection.
2021-07-05 16:11:40:INFO: Create connection.
2021-07-05 16:22:06:INFO: Create connection.
2021-07-05 20:51:51:INFO: Create connection.
2021-07-05 20:55:18:INFO: Create connection.
2021-07-05 21:16:06:INFO: Create connection.
2021-07-05 21:16:08:INFO: Successfully connected.
2021-07-05 21:16:09:INFO: Changed balance to PRACTICE. Balance is 89.82
2021-07-05 21:28:17:INFO: Create connection.
2021-07-05 21:28:19:INFO: Successfully connected.
2021-07-05 21:28:19:INFO: Changed balance to PRACTICE. Balance is 89.82
2021-07-05 21:29:51:INFO: Create connection.
2021-07-05 21:29:53:INFO: Successfully connected.
2021-07-05 21:29:53:INFO: Changed balance to PRACTICE. Balance is 89.82
2021-07-05 21:30:04:INFO: Create signalers.
2021-07-05 21:30:04:INFO: Create traders.
2021-07-05 21:34:16:INFO: Create connection.
2021-07-05 21:34:19:INFO: Successfully connected.
2021-07-05 21:34:19:INFO: Changed balance to PRACTICE. Balance is 89.82
2021-07-05 21:34:41:INFO: Create connection.
2021-07-05 21:34:43:INFO: Successfully connected.
2021-07-05 21:34:44:INFO: Changed balance to PRACTICE. Balance is 89.82
2021-07-05 21:35:24:INFO: Create connection.
2021-07-05 21:35:27:INFO: Successfully connected.
2021-07-05 21:35:27:INFO: Changed balance to PRACTICE. Balance is 89.82
2021-07-05 21:36:04:INFO: Create signalers.
2021-07-05 21:36:04:INFO: Create traders.
2021-07-05 21:36:18:INFO: Create connection.
2021-07-05 21:36:20:INFO: Successfully connected.
2021-07-05 21:36:20:INFO: Changed balance to PRACTICE. Balance is 89.82
2021-07-05 21:50:20:INFO: Create connection.
2021-07-05 21:50:22:INFO: Successfully connected.
2021-07-05 21:50:23:INFO: Changed balance to PRACTICE. Balance is 89.82
2021-07-07 21:42:51:INFO: Create connection.
2021-07-07 21:42:54:INFO: Successfully connected.
2021-07-07 21:42:54:INFO: Changed balance to PRACTICE. Balance is 89.82
2021-07-07 21:43:01:INFO: Create connection.
2021-07-07 21:43:01:INFO: Create connection.
2021-07-07 21:43:03:INFO: Successfully connected.
2021-07-07 21:43:03:INFO: Successfully connected.
2021-07-07 21:43:03:INFO: Changed balance to PRACTICE. Balance is 89.82
2021-07-07 21:43:03:INFO: Changed balance to PRACTICE. Balance is 89.82
2021-07-07 21:44:01:INFO: Create signalers.
2021-07-07 21:44:01:INFO: Create signalers.
2021-07-07 21:44:01:INFO: Create traders.
2021-07-07 21:44:01:INFO: Create traders.
2021-07-08 07:26:41:INFO: Create connection.
2021-07-08 07:26:44:INFO: Successfully connected.
2021-07-08 07:26:44:INFO: Changed balance to PRACTICE. Balance is 89.82
2021-07-08 18:08:39:INFO: Create connection.
2021-07-08 18:08:41:INFO: Successfully connected.
2021-07-08 18:08:42:INFO: Changed balance to PRACTICE. Balance is 89.82
2021-07-08 18:36:58:INFO: Create connection.
2021-07-08 18:37:01:INFO: Successfully connected.
2021-07-08 18:37:01:INFO: Changed balance to PRACTICE. Balance is 89.82
2021-07-08 18:39:21:INFO: Create connection.
2021-07-08 18:39:23:INFO: Successfully connected.
2021-07-08 18:39:23:INFO: Changed balance to PRACTICE. Balance is 89.82
2021-07-09 08:53:50:INFO: Create connection.
2021-07-09 08:53:53:INFO: Successfully connected.
2021-07-09 08:53:54:INFO: Changed balance to PRACTICE. Balance is 89.82
2021-07-09 08:54:02:INFO: Create signalers.
2021-07-09 08:54:02:INFO: Create traders.
2021-07-09 08:56:44:INFO: Create connection.
2021-07-09 09:18:43:INFO: Create connection.
2021-07-09 10:20:06:INFO: Create connection.
2021-07-09 10:20:46:INFO: Create connection.
2021-07-09 10:21:12:INFO: Create connection.
2021-07-09 10:33:10:INFO: Create connection.
2021-07-09 10:33:14:INFO: Successfully connected.
2021-07-09 10:33:14:INFO: Changed balance to PRACTICE. Balance is 89.82
2021-07-09 10:35:29:INFO: Create connection.
2021-07-09 10:35:32:INFO: Successfully connected.
2021-07-09 10:35:39:INFO: Changed balance to PRACTICE. Balance is 89.82
2021-07-09 10:52:05:INFO: Create connection.
2021-07-09 10:52:09:INFO: Successfully connected.
2021-07-09 10:52:09:INFO: Changed balance to PRACTICE. Balance is 89.82
2021-07-09 10:56:14:INFO: Create signalers.
2021-07-09 10:56:14:INFO: Create traders.
2021-07-09 11:50:41:INFO: Create connection.
2021-07-09 11:50:43:INFO: Successfully connected.
2021-07-09 11:50:44:INFO: Changed balance to PRACTICE. Balance is 89.82
2021-07-09 12:17:25:INFO: Create connection.
2021-07-09 12:17:28:INFO: Successfully connected.
2021-07-09 12:17:29:INFO: Changed balance to PRACTICE. Balance is 89.82
2021-07-09 12:22:58:INFO: Create connection.
2021-07-09 12:23:01:INFO: Successfully connected.
2021-07-09 12:23:01:INFO: Changed balance to PRACTICE. Balance is 89.82
2021-07-09 12:28:22:INFO: Create connection.
2021-07-09 12:28:25:INFO: Successfully connected.
2021-07-09 12:28:25:INFO: Changed balance to PRACTICE. Balance is 89.82
2021-07-09 12:29:20:INFO: Create connection.
2021-07-09 12:29:22:INFO: Successfully connected.
2021-07-09 12:29:23:INFO: Changed balance to PRACTICE. Balance is 89.82
2021-07-09 12:30:03:INFO: Create signalers.
2021-07-09 12:30:03:INFO: Create traders.
2021-07-09 12:43:46:INFO: Create connection.
2021-07-09 12:43:49:INFO: Successfully connected.
2021-07-09 12:43:49:INFO: Changed balance to PRACTICE. Balance is 89.82
2021-07-09 13:18:38:INFO: Create connection.
2021-07-09 13:18:41:INFO: Successfully connected.
2021-07-09 13:18:42:INFO: Changed balance to PRACTICE. Balance is 89.82
2021-07-09 13:20:06:INFO: Create connection.
2021-07-09 13:20:06:INFO: Create signalers.
2021-07-09 13:20:06:INFO: Create traders.
2021-07-09 13:20:12:INFO: Successfully connected.
2021-07-09 13:25:54:INFO: Changed balance to PRACTICE. Balance is 89.82
2021-07-09 14:15:36:INFO: Create connection.
2021-07-09 14:15:39:INFO: Successfully connected.
2021-07-09 14:15:40:INFO: Changed balance to PRACTICE. Balance is 89.82
2021-07-09 14:16:03:INFO: Create signalers.
2021-07-09 14:16:03:INFO: Create traders.
2021-07-09 14:22:11:INFO: Create connection.
2021-07-09 14:22:14:INFO: Successfully connected.
2021-07-09 14:22:14:INFO: Changed balance to PRACTICE. Balance is 89.82
2021-07-09 14:24:03:INFO: Create signalers.
2021-07-09 14:24:03:INFO: Create traders.
2021-07-10 09:07:16:INFO: Create connection.
2021-07-10 09:07:18:INFO: Successfully connected.
2021-07-10 09:07:19:INFO: Changed balance to PRACTICE. Balance is 89.82
2021-07-10 10:53:40:INFO: Create connection.
2021-07-10 10:53:43:INFO: Successfully connected.
2021-07-10 10:53:44:INFO: Changed balance to PRACTICE. Balance is 89.82
